<?xml version="1.0" encoding="UTF-8"?>
<!-- Generated by org.testng.reporters.JUnitReportReporter -->
<testsuite hostname="gorgPC" name="soa.speech.recogniser.mongodb.files.StoreSpeechDatabaseTest" tests="1" failures="0" timestamp="13 Oct 2014 15:46:08 GMT" time="0.050" errors="0">
  <testcase name="storeTest" time="0.050" classname="soa.speech.recogniser.mongodb.files.StoreSpeechDatabaseTest"/>
</testsuite> <!-- soa.speech.recogniser.mongodb.files.StoreSpeechDatabaseTest -->
