<?xml version="1.0" encoding="UTF-8"?>
<!-- Generated by org.testng.reporters.JUnitReportReporter -->
<testsuite hostname="gorgPC" name="soa.speech.recogniser.mongodb.files.StoreModelDataTest" tests="1" failures="0" timestamp="13 Oct 2014 17:41:01 GMT" time="0.052" errors="0">
  <testcase name="storeTest" time="0.052" classname="soa.speech.recogniser.mongodb.files.StoreModelDataTest"/>
</testsuite> <!-- soa.speech.recogniser.mongodb.files.StoreModelDataTest -->
